2019-04-10 11:55:54 [scrapy.utils.log] INFO: Scrapy 1.4.0 started (bot: Tencent)
2019-04-10 11:55:54 [scrapy.utils.log] INFO: Overridden settings: {'BOT_NAME': 'Tencent', 'COOKIES_ENABLED': False, 'LOG_FILE': 'logs/Tencent/tencent/88b639ac5b4411e9ae2d186590e02601.log', 'NEWSPIDER_MODULE': 'Tencent.spiders', 'SPIDER_MODULES': ['Tencent.spiders']}
2019-04-10 11:55:54 [scrapy.middleware] INFO: Enabled extensions:
['scrapy.extensions.corestats.CoreStats',
 'scrapy.extensions.telnet.TelnetConsole',
 'scrapy.extensions.memusage.MemoryUsage',
 'scrapy.extensions.logstats.LogStats']
2019-04-10 11:55:54 [scrapy.middleware] INFO: Enabled downloader middlewares:
['scrapy.downloadermiddlewares.httpauth.HttpAuthMiddleware',
 'scrapy.downloadermiddlewares.downloadtimeout.DownloadTimeoutMiddleware',
 'scrapy.downloadermiddlewares.defaultheaders.DefaultHeadersMiddleware',
 'scrapy.downloadermiddlewares.useragent.UserAgentMiddleware',
 'scrapy.downloadermiddlewares.retry.RetryMiddleware',
 'scrapy.downloadermiddlewares.redirect.MetaRefreshMiddleware',
 'scrapy.downloadermiddlewares.httpcompression.HttpCompressionMiddleware',
 'scrapy.downloadermiddlewares.redirect.RedirectMiddleware',
 'scrapy.downloadermiddlewares.httpproxy.HttpProxyMiddleware',
 'scrapy.downloadermiddlewares.stats.DownloaderStats']
2019-04-10 11:55:54 [scrapy.middleware] INFO: Enabled spider middlewares:
['scrapy.spidermiddlewares.httperror.HttpErrorMiddleware',
 'scrapy.spidermiddlewares.offsite.OffsiteMiddleware',
 'scrapy.spidermiddlewares.referer.RefererMiddleware',
 'scrapy.spidermiddlewares.urllength.UrlLengthMiddleware',
 'scrapy.spidermiddlewares.depth.DepthMiddleware']
2019-04-10 11:55:54 [scrapy.middleware] INFO: Enabled item pipelines:
['Tencent.pipelines.TencentPipeline', 'Tencent.pipelines.TencentProPipeline']
2019-04-10 11:55:54 [scrapy.core.engine] INFO: Spider opened
2019-04-10 11:55:54 [scrapy.extensions.logstats] INFO: Crawled 0 pages (at 0 pages/min), scraped 0 items (at 0 items/min)
2019-04-10 11:55:54 [scrapy.extensions.telnet] DEBUG: Telnet console listening on 127.0.0.1:6023
2019-04-10 11:55:55 [scrapy.core.engine] DEBUG: Crawled (200) <GET https://hr.tencent.com/position.php?&start=> (referer: None)
2019-04-10 11:55:55 [scrapy.core.scraper] DEBUG: Scraped from <200 https://hr.tencent.com/position.php?&start=>
{'name': '29777-工业云后台高级开发工程师（杭州）', 'link': 'https://hr.tencent.com/position_detail.php?id=49256&keywords=&tid=0&lid=0', 'class': '技术类', 'num': '2', 'address': '杭州', 'pub_date': '2019-04-10', 'image': 'http://www.baidu.com/img/xinshouye_46cc6be3783724af1729ba51cfcde494.png'}
2019-04-10 11:55:55 [scrapy.core.scraper] DEBUG: Scraped from <200 https://hr.tencent.com/position.php?&start=>
{'name': '29777-工业云前端高级开发工程师（杭州）', 'link': 'https://hr.tencent.com/position_detail.php?id=49257&keywords=&tid=0&lid=0', 'class': '技术类', 'num': '2', 'address': '杭州', 'pub_date': '2019-04-10', 'image': 'http://www.baidu.com/img/xinshouye_46cc6be3783724af1729ba51cfcde494.png'}
2019-04-10 11:55:55 [scrapy.core.scraper] DEBUG: Scraped from <200 https://hr.tencent.com/position.php?&start=>
{'name': 'PCG10-搜索高级算法工程师-图像方向', 'link': 'https://hr.tencent.com/position_detail.php?id=49258&keywords=&tid=0&lid=0', 'class': '技术类', 'num': '1', 'address': '深圳', 'pub_date': '2019-04-10', 'image': 'http://www.baidu.com/img/xinshouye_46cc6be3783724af1729ba51cfcde494.png'}
2019-04-10 11:55:55 [scrapy.core.scraper] DEBUG: Scraped from <200 https://hr.tencent.com/position.php?&start=>
{'name': '23518-社交合作运营经理', 'link': 'https://hr.tencent.com/position_detail.php?id=49259&keywords=&tid=0&lid=0', 'class': '产品/项目类', 'num': '1', 'address': '深圳', 'pub_date': '2019-04-10', 'image': 'http://www.baidu.com/img/xinshouye_46cc6be3783724af1729ba51cfcde494.png'}
2019-04-10 11:55:55 [scrapy.core.scraper] DEBUG: Scraped from <200 https://hr.tencent.com/position.php?&start=>
{'name': '18425-事务型开发高级工程师 (深圳)', 'link': 'https://hr.tencent.com/position_detail.php?id=49260&keywords=&tid=0&lid=0', 'class': '技术类', 'num': '1', 'address': '深圳', 'pub_date': '2019-04-10', 'image': 'http://www.baidu.com/img/xinshouye_46cc6be3783724af1729ba51cfcde494.png'}
2019-04-10 11:55:55 [scrapy.core.scraper] DEBUG: Scraped from <200 https://hr.tencent.com/position.php?&start=>
{'name': '32032-互娱沙盒类手游客户端开发（深圳）', 'link': 'https://hr.tencent.com/position_detail.php?id=49251&keywords=&tid=0&lid=0', 'class': '技术类', 'num': '1', 'address': '深圳', 'pub_date': '2019-04-10', 'image': 'http://www.baidu.com/img/xinshouye_46cc6be3783724af1729ba51cfcde494.png'}
2019-04-10 11:55:55 [scrapy.core.scraper] DEBUG: Scraped from <200 https://hr.tencent.com/position.php?&start=>
{'name': 'PCG04-android开发工程师(成都)', 'link': 'https://hr.tencent.com/position_detail.php?id=49252&keywords=&tid=0&lid=0', 'class': '技术类', 'num': '1', 'address': '成都', 'pub_date': '2019-04-10', 'image': 'http://www.baidu.com/img/xinshouye_46cc6be3783724af1729ba51cfcde494.png'}
2019-04-10 11:55:55 [scrapy.core.scraper] DEBUG: Scraped from <200 https://hr.tencent.com/position.php?&start=>
{'name': '21087-游戏内外部渠道管理（深圳）', 'link': 'https://hr.tencent.com/position_detail.php?id=49253&keywords=&tid=0&lid=0', 'class': '产品/项目类', 'num': '1', 'address': '深圳', 'pub_date': '2019-04-10', 'image': 'http://www.baidu.com/img/xinshouye_46cc6be3783724af1729ba51cfcde494.png'}
2019-04-10 11:55:55 [scrapy.core.scraper] DEBUG: Scraped from <200 https://hr.tencent.com/position.php?&start=>
{'name': '22989-iOS开发高级工程师', 'link': 'https://hr.tencent.com/position_detail.php?id=49254&keywords=&tid=0&lid=0', 'class': '技术类', 'num': '1', 'address': '深圳', 'pub_date': '2019-04-10', 'image': 'http://www.baidu.com/img/xinshouye_46cc6be3783724af1729ba51cfcde494.png'}
2019-04-10 11:55:55 [scrapy.core.scraper] DEBUG: Scraped from <200 https://hr.tencent.com/position.php?&start=>
{'name': '22989-Android开发高级工程师', 'link': 'https://hr.tencent.com/position_detail.php?id=49255&keywords=&tid=0&lid=0', 'class': '技术类', 'num': '1', 'address': '深圳', 'pub_date': '2019-04-10', 'image': 'http://www.baidu.com/img/xinshouye_46cc6be3783724af1729ba51cfcde494.png'}
2019-04-10 11:55:55 [scrapy.core.engine] INFO: Closing spider (finished)
2019-04-10 11:55:55 [scrapy.statscollectors] INFO: Dumping Scrapy stats:
{'downloader/request_bytes': 232,
 'downloader/request_count': 1,
 'downloader/request_method_count/GET': 1,
 'downloader/response_bytes': 3971,
 'downloader/response_count': 1,
 'downloader/response_status_count/200': 1,
 'finish_reason': 'finished',
 'finish_time': datetime.datetime(2019, 4, 10, 3, 55, 55, 937527),
 'item_scraped_count': 10,
 'log_count/DEBUG': 12,
 'log_count/INFO': 7,
 'memusage/max': 59097088,
 'memusage/startup': 59097088,
 'response_received_count': 1,
 'scheduler/dequeued': 1,
 'scheduler/dequeued/memory': 1,
 'scheduler/enqueued': 1,
 'scheduler/enqueued/memory': 1,
 'start_time': datetime.datetime(2019, 4, 10, 3, 55, 54, 851176)}
2019-04-10 11:55:55 [scrapy.core.engine] INFO: Spider closed (finished)
